2025-04-07 15:22:46,932 - INFO - Logger initialized successfully.
2025-04-07 15:22:46,933 - INFO - Starting WebDriver...
2025-04-07 15:22:48,502 - INFO - Navigating to the landing page.
2025-04-07 15:22:49,435 - INFO - Landed on the page: https://petstore.octoperf.com/
2025-04-07 15:22:49,437 - INFO - Verifying page title.
2025-04-07 15:22:49,443 - INFO - Page title verified: JPetStore Demo
2025-04-07 15:22:49,444 - INFO - Verifying header text.
2025-04-07 15:22:49,489 - INFO - Header text verified: Welcome to JPetStore 6
2025-04-07 15:22:49,490 - INFO - Verifying link button "Enter the Store".
2025-04-07 15:22:49,521 - INFO - Link button "Enter the Store" is visible and has correct text.
2025-04-07 15:22:49,522 - INFO - Verifying copyright text.
2025-04-07 15:22:49,548 - INFO - Copyright text verified: Copyright www.mybatis.org
2025-04-07 15:22:49,550 - INFO - Navigating to the landing page.
2025-04-07 15:22:49,569 - INFO - Landed on the page: https://petstore.octoperf.com/
2025-04-07 15:22:49,570 - INFO - Clicking on "Enter the Store" link.
2025-04-07 15:22:50,358 - INFO - Clicked on "Enter the Store" link.
2025-04-07 15:22:50,359 - INFO - Verifying redirection to Catalog page.
2025-04-07 15:22:50,366 - INFO - Redirected to Catalog page successfully.
2025-04-07 15:22:50,369 - INFO - Closing WebDriver...
2025-04-07 15:28:27,405 - INFO - Logger initialized successfully.
2025-04-07 15:28:27,406 - INFO - Starting WebDriver...
2025-04-07 15:28:28,965 - INFO - Navigating to the landing page.
2025-04-07 15:28:30,080 - INFO - Landed on the page: https://petstore.octoperf.com/
2025-04-07 15:28:30,082 - INFO - Verifying page title.
2025-04-07 15:28:30,089 - INFO - Page title verified: JPetStore Demo
2025-04-07 15:28:30,090 - INFO - Verifying header text.
2025-04-07 15:28:30,132 - INFO - Header text verified: Welcome to JPetStore 6
2025-04-07 15:28:30,133 - INFO - Verifying link button "Enter the Store".
2025-04-07 15:28:30,164 - INFO - Link button "Enter the Store" is visible and has correct text.
2025-04-07 15:28:30,164 - INFO - Verifying copyright text.
2025-04-07 15:28:30,193 - INFO - Copyright text verified: Copyright www.mybatis.org
2025-04-07 15:28:30,200 - INFO - Already on the landing page: https://petstore.octoperf.com/
2025-04-07 15:28:30,201 - INFO - Clicking on "Enter the Store" link.
2025-04-07 15:28:41,470 - INFO - Closing WebDriver...
2025-04-07 15:30:16,160 - INFO - Logger initialized successfully.
2025-04-07 15:30:16,161 - INFO - Starting WebDriver...
2025-04-07 15:30:17,751 - INFO - Navigating to the landing page.
2025-04-07 15:30:18,682 - INFO - Landed on the page: https://petstore.octoperf.com/
2025-04-07 15:30:18,684 - INFO - Verifying page title.
2025-04-07 15:30:18,691 - INFO - Page title verified: JPetStore Demo
2025-04-07 15:30:18,692 - INFO - Verifying header text.
2025-04-07 15:30:18,733 - INFO - Header text verified: Welcome to JPetStore 6
2025-04-07 15:30:18,735 - INFO - Verifying link button "Enter the Store".
2025-04-07 15:30:18,763 - INFO - Link button "Enter the Store" is visible and has correct text.
2025-04-07 15:30:18,764 - INFO - Verifying copyright text.
2025-04-07 15:30:18,789 - INFO - Copyright text verified: Copyright www.mybatis.org
2025-04-07 15:30:18,795 - INFO - Already on the landing page: https://petstore.octoperf.com/
2025-04-07 15:30:18,796 - INFO - Clicking on "Enter the Store" link.
2025-04-07 15:30:30,113 - INFO - Closing WebDriver...
2025-04-07 15:31:33,197 - INFO - Logger initialized successfully.
2025-04-07 15:31:33,198 - INFO - Starting WebDriver...
2025-04-07 15:31:34,694 - INFO - Navigating to the landing page.
2025-04-07 15:31:35,623 - INFO - Landed on the page: https://petstore.octoperf.com/
2025-04-07 15:31:35,625 - INFO - Verifying page title.
2025-04-07 15:31:35,631 - INFO - Page title verified: JPetStore Demo
2025-04-07 15:31:35,632 - INFO - Verifying header text.
2025-04-07 15:31:35,679 - INFO - Header text verified: Welcome to JPetStore 6
2025-04-07 15:31:35,680 - INFO - Verifying link button "Enter the Store".
2025-04-07 15:31:35,806 - INFO - Link button "Enter the Store" is visible and has correct text.
2025-04-07 15:31:35,807 - INFO - Verifying copyright text.
2025-04-07 15:31:35,832 - INFO - Copyright text verified: Copyright www.mybatis.org
2025-04-07 15:31:35,839 - INFO - Already on the landing page: https://petstore.octoperf.com/
2025-04-07 15:31:35,840 - INFO - Clicking on "Enter the Store" link.
2025-04-07 15:31:56,955 - INFO - Closing WebDriver...
2025-04-07 15:33:17,516 - INFO - Logger initialized successfully.
2025-04-07 15:33:17,516 - INFO - Starting WebDriver...
2025-04-07 15:33:19,021 - INFO - Navigating to the landing page.
2025-04-07 15:33:19,972 - INFO - Landed on the page: https://petstore.octoperf.com/
2025-04-07 15:33:19,974 - INFO - Verifying page title.
2025-04-07 15:33:19,981 - INFO - Page title verified: JPetStore Demo
2025-04-07 15:33:19,982 - INFO - Verifying header text.
2025-04-07 15:33:20,027 - INFO - Header text verified: Welcome to JPetStore 6
2025-04-07 15:33:20,028 - INFO - Verifying link button "Enter the Store".
2025-04-07 15:33:20,057 - INFO - Link button "Enter the Store" is visible and has correct text.
2025-04-07 15:33:20,058 - INFO - Verifying copyright text.
2025-04-07 15:33:20,084 - INFO - Copyright text verified: Copyright www.mybatis.org
2025-04-07 15:33:20,092 - INFO - Already on the landing page: https://petstore.octoperf.com/
2025-04-07 15:33:20,093 - INFO - Clicking on "Enter the Store" link.
2025-04-07 15:33:21,078 - INFO - Clicked on "Enter the Store" link.
2025-04-07 15:33:21,080 - INFO - Verifying redirection to Catalog page.
2025-04-07 15:33:21,086 - INFO - Redirected to Catalog page successfully.
2025-04-07 15:33:21,091 - INFO - Closing WebDriver...
2025-04-07 15:35:22,011 - INFO - Logger initialized successfully.
2025-04-07 15:35:22,012 - INFO - Starting WebDriver...
2025-04-07 15:35:23,571 - INFO - Navigating to the landing page.
2025-04-07 15:35:24,543 - INFO - Landed on the page: https://petstore.octoperf.com/
2025-04-07 15:35:24,544 - INFO - Verifying page title.
2025-04-07 15:35:24,551 - INFO - Page title verified: JPetStore Demo
2025-04-07 15:35:24,551 - INFO - Verifying header text.
2025-04-07 15:35:24,595 - INFO - Header text verified: Welcome to JPetStore 6
2025-04-07 15:35:24,596 - INFO - Verifying link button "Enter the Store".
2025-04-07 15:35:24,624 - INFO - Link button "Enter the Store" is visible and has correct text.
2025-04-07 15:35:24,624 - INFO - Verifying copyright text.
2025-04-07 15:35:24,650 - INFO - Copyright text verified: Copyright www.mybatis.org
2025-04-07 15:35:24,652 - INFO - Navigating to the landing page.
2025-04-07 15:35:24,671 - INFO - Landed on the page: https://petstore.octoperf.com/
2025-04-07 15:35:24,674 - INFO - Clicking on "Enter the Store" link.
2025-04-07 15:35:25,474 - INFO - Clicked on "Enter the Store" link.
2025-04-07 15:35:25,476 - INFO - Verifying redirection to Catalog page.
2025-04-07 15:35:25,482 - INFO - Redirected to Catalog page successfully.
2025-04-07 15:35:25,483 - INFO - Closing WebDriver...
2025-04-07 15:37:00,286 - INFO - Logger initialized successfully.
2025-04-07 15:37:00,286 - INFO - Starting WebDriver...
2025-04-07 15:37:01,768 - INFO - Navigating to the landing page.
2025-04-07 15:37:02,450 - INFO - Landed on the page: https://petstore.octoperf.com/
2025-04-07 15:37:02,451 - INFO - Verifying page title.
2025-04-07 15:37:02,700 - INFO - Already on the landing page: https://petstore.octoperf.com/
2025-04-07 15:37:02,701 - INFO - Clicking on "Enter the Store" link.
2025-04-07 15:37:02,703 - INFO - Closing WebDriver...
2025-04-07 15:43:10,619 - INFO - Logger initialized successfully.
2025-04-07 15:43:10,619 - INFO - Starting WebDriver...
2025-04-07 15:43:12,254 - INFO - Navigating to the landing page.
2025-04-07 15:43:13,308 - INFO - Landed on the page: https://petstore.octoperf.com/
2025-04-07 15:43:13,314 - INFO - Verifying page title.
2025-04-07 15:43:13,320 - INFO - Page title verified: JPetStore Demo
2025-04-07 15:43:13,321 - INFO - Verifying header text.
2025-04-07 15:43:13,363 - INFO - Header text verified: Welcome to JPetStore 6
2025-04-07 15:43:13,364 - INFO - Verifying link button "Enter the Store".
2025-04-07 15:43:13,389 - INFO - Link button "Enter the Store" is visible and has correct text.
2025-04-07 15:43:13,390 - INFO - Verifying copyright text.
2025-04-07 15:43:13,416 - INFO - Copyright text verified: Copyright www.mybatis.org
2025-04-07 15:43:13,418 - INFO - Navigating to the landing page.
2025-04-07 15:43:13,437 - INFO - Landed on the page: https://petstore.octoperf.com/
2025-04-07 15:43:13,438 - INFO - Clicking on "Enter the Store" link.
2025-04-07 15:43:14,221 - INFO - Clicked on "Enter the Store" link.
2025-04-07 15:43:14,222 - INFO - Verifying redirection to Catalog page.
2025-04-07 15:43:14,231 - INFO - Redirected to Catalog page successfully.
2025-04-07 15:43:14,232 - INFO - Closing WebDriver...
2025-04-07 15:46:34,304 - INFO - Logger initialized successfully.
2025-04-07 15:46:34,304 - INFO - Starting WebDriver...
2025-04-07 15:46:35,841 - INFO - Navigating to the landing page.
2025-04-07 15:46:36,759 - INFO - Landed on the page: https://petstore.octoperf.com/
2025-04-07 15:46:36,762 - INFO - Verifying page title.
2025-04-07 15:46:36,769 - INFO - Page title verified: JPetStore Demo
2025-04-07 15:46:36,770 - INFO - Verifying header text.
2025-04-07 15:46:36,811 - INFO - Header text verified: Welcome to JPetStore 6
2025-04-07 15:46:36,812 - INFO - Verifying link button "Enter the Store".
2025-04-07 15:46:36,844 - INFO - Link button "Enter the Store" is visible and has correct text.
2025-04-07 15:46:36,845 - INFO - Verifying copyright text.
2025-04-07 15:46:36,872 - INFO - Copyright text verified: Copyright www.mybatis.org
2025-04-07 15:46:36,874 - INFO - Navigating to the landing page.
2025-04-07 15:46:36,891 - INFO - Landed on the page: https://petstore.octoperf.com/
2025-04-07 15:46:36,892 - INFO - Clicking on "Enter the Store" link.
2025-04-07 15:46:37,684 - INFO - Clicked on "Enter the Store" link.
2025-04-07 15:46:37,685 - INFO - Verifying redirection to Catalog page.
2025-04-07 15:46:37,691 - INFO - Redirected to Catalog page successfully.
2025-04-07 15:46:37,691 - INFO - Closing WebDriver...
2025-04-07 15:50:32,678 - INFO - Logger initialized successfully.
2025-04-07 15:50:32,678 - INFO - Starting WebDriver...
2025-04-07 15:50:34,287 - INFO - Navigating to the landing page.
2025-04-07 15:50:35,264 - INFO - Landed on the page: https://petstore.octoperf.com/
2025-04-07 15:50:35,265 - INFO - Verifying page title.
2025-04-07 15:50:35,272 - INFO - Page title verified: JPetStore Demo
2025-04-07 15:50:35,273 - INFO - Verifying header text.
2025-04-07 15:50:35,314 - INFO - Header text verified: Welcome to JPetStore 6
2025-04-07 15:50:35,315 - INFO - Verifying link button "Enter the Store".
2025-04-07 15:50:35,367 - INFO - Link button "Enter the Store" is visible and has correct text.
2025-04-07 15:50:35,368 - INFO - Verifying copyright text.
2025-04-07 15:50:35,393 - INFO - Copyright text verified: Copyright www.mybatis.org
2025-04-07 15:50:35,395 - INFO - Navigating to the landing page.
2025-04-07 15:50:35,411 - INFO - Landed on the page: https://petstore.octoperf.com/
2025-04-07 15:50:35,412 - INFO - Clicking on "Enter the Store" link.
2025-04-07 15:50:36,190 - INFO - Clicked on "Enter the Store" link.
2025-04-07 15:50:36,191 - INFO - Verifying redirection to Catalog page.
2025-04-07 15:50:36,199 - INFO - Redirected to Catalog page successfully.
2025-04-07 15:50:36,200 - INFO - Closing WebDriver...
2025-04-07 16:03:56,764 - INFO - Logger initialized successfully.
2025-04-07 16:03:56,765 - INFO - Starting WebDriver...
2025-04-07 16:03:58,400 - INFO - Navigating to the landing page.
2025-04-07 16:03:59,404 - INFO - Landed on the page: https://petstore.octoperf.com/
2025-04-07 16:03:59,407 - INFO - Verifying page title.
2025-04-07 16:03:59,414 - INFO - Page title verified: JPetStore Demo
2025-04-07 16:03:59,415 - INFO - Verifying header text.
2025-04-07 16:03:59,457 - INFO - Header text verified: Welcome to JPetStore 6
2025-04-07 16:03:59,458 - INFO - Verifying link button "Enter the Store".
2025-04-07 16:03:59,488 - INFO - Link button "Enter the Store" is visible and has correct text.
2025-04-07 16:03:59,489 - INFO - Verifying copyright text.
2025-04-07 16:03:59,516 - INFO - Copyright text verified: Copyright www.mybatis.org
2025-04-07 16:03:59,518 - INFO - Navigating to the landing page.
2025-04-07 16:03:59,535 - INFO - Landed on the page: https://petstore.octoperf.com/
2025-04-07 16:03:59,536 - INFO - Clicking on "Enter the Store" link.
2025-04-07 16:04:00,529 - INFO - Clicked on "Enter the Store" link.
2025-04-07 16:04:00,531 - INFO - Verifying redirection to Catalog page.
2025-04-07 16:04:00,536 - INFO - Redirected to Catalog page successfully.
2025-04-07 16:04:00,537 - INFO - Closing WebDriver...
2025-04-08 13:59:50,006 - INFO - Logger initialized successfully.
2025-04-08 13:59:50,016 - INFO - Starting WebDriver...
2025-04-08 13:59:52,139 - INFO - Navigating to the catalog page.
2025-04-08 13:59:53,517 - INFO - Landed on the page: https://petstore.octoperf.com/actions/Catalog.action
2025-04-08 13:59:53,518 - INFO - Verifying Catalog page title.
2025-04-08 13:59:53,570 - INFO - Catalog page title verified: JPetStore Demo
2025-04-08 13:59:53,573 - INFO - Navigating to the catalog page.
2025-04-08 13:59:53,850 - INFO - Landed on the page: https://petstore.octoperf.com/actions/Catalog.action
2025-04-08 13:59:53,859 - INFO - Closing WebDriver...
2025-04-08 14:01:10,286 - INFO - Logger initialized successfully.
2025-04-08 14:01:10,286 - INFO - Starting WebDriver...
2025-04-08 14:01:11,919 - INFO - Navigating to the catalog page.
2025-04-08 14:01:13,495 - INFO - Landed on the page: https://petstore.octoperf.com/actions/Catalog.action
2025-04-08 14:01:13,496 - INFO - Verifying Catalog page title.
2025-04-08 14:01:13,504 - INFO - Catalog page title verified: JPetStore Demo
2025-04-08 14:01:13,507 - INFO - Navigating to the catalog page.
2025-04-08 14:01:13,872 - INFO - Landed on the page: https://petstore.octoperf.com/actions/Catalog.action
2025-04-08 14:01:13,879 - INFO - Checking visibility and text of header elements on the Catalog Page.
2025-04-08 14:01:14,065 - INFO - Closing WebDriver...
2025-04-08 14:04:53,476 - INFO - Logger initialized successfully.
2025-04-08 14:04:53,476 - INFO - Starting WebDriver...
2025-04-08 14:04:55,012 - INFO - Navigating to the catalog page.
2025-04-08 14:04:56,877 - INFO - Landed on the page: https://petstore.octoperf.com/actions/Catalog.action
2025-04-08 14:04:56,878 - INFO - Verifying Catalog page title.
2025-04-08 14:04:56,885 - INFO - Catalog page title verified: JPetStore Demo
2025-04-08 14:04:56,888 - INFO - Navigating to the catalog page.
2025-04-08 14:04:57,169 - INFO - Landed on the page: https://petstore.octoperf.com/actions/Catalog.action
2025-04-08 14:04:57,170 - INFO - Checking visibility and text of header elements on the Catalog Page.
2025-04-08 14:04:57,326 - INFO - Closing WebDriver...
2025-04-08 14:14:21,651 - INFO - Logger initialized successfully.
2025-04-08 14:14:21,652 - INFO - Starting WebDriver...
2025-04-08 14:14:23,517 - INFO - Navigating to the catalog page.
2025-04-08 14:14:26,418 - INFO - Landed on the page: https://petstore.octoperf.com/actions/Catalog.action
2025-04-08 14:14:26,420 - INFO - Verifying Catalog page title.
2025-04-08 14:14:26,435 - INFO - Catalog page title verified: JPetStore Demo
2025-04-08 14:14:26,438 - INFO - Navigating to the catalog page.
2025-04-08 14:14:26,973 - INFO - Landed on the page: https://petstore.octoperf.com/actions/Catalog.action
2025-04-08 14:14:26,980 - INFO - Checking visibility and text of header elements on the Catalog Page.
2025-04-08 14:14:27,150 - INFO - Checking visibility of image buttons in the QuickLinks section.
2025-04-08 14:14:27,153 - INFO - Closing WebDriver...
2025-04-08 14:23:10,836 - INFO - Logger initialized successfully.
2025-04-08 14:23:10,836 - INFO - Starting WebDriver...
2025-04-08 14:23:12,321 - INFO - Navigating to the catalog page.
2025-04-08 14:23:13,967 - INFO - Landed on the page: https://petstore.octoperf.com/actions/Catalog.action
2025-04-08 14:23:13,970 - INFO - Verifying Catalog page title.
2025-04-08 14:23:13,977 - INFO - Catalog page title verified: JPetStore Demo
2025-04-08 14:23:13,979 - INFO - Navigating to the catalog page.
2025-04-08 14:23:14,245 - INFO - Landed on the page: https://petstore.octoperf.com/actions/Catalog.action
2025-04-08 14:23:14,246 - INFO - Checking visibility and text of header elements on the Catalog Page.
2025-04-08 14:23:14,400 - INFO - Checking visibility of image buttons in the QuickLinks section.
2025-04-08 14:23:14,468 - INFO - Closing WebDriver...
2025-04-08 15:17:17,282 - INFO - Logger initialized successfully.
2025-04-08 15:17:17,282 - INFO - Starting WebDriver...
2025-04-08 15:17:19,815 - INFO - Navigating to the catalog page.
2025-04-08 15:17:21,261 - INFO - Landed on the page: https://petstore.octoperf.com/actions/Catalog.action
2025-04-08 15:17:21,263 - INFO - Verifying Catalog page title.
2025-04-08 15:17:21,294 - INFO - Catalog page title verified: JPetStore Demo
2025-04-08 15:17:21,297 - INFO - Navigating to the catalog page.
2025-04-08 15:17:21,587 - INFO - Landed on the page: https://petstore.octoperf.com/actions/Catalog.action
2025-04-08 15:17:21,592 - INFO - Checking visibility and text of header elements on the Catalog Page.
2025-04-08 15:17:21,752 - INFO - Checking visibility of image buttons in the QuickLinks section.
2025-04-08 15:17:21,840 - INFO - Checking visibility of icon buttons and subtexts in the SideBarContent section.
2025-04-08 15:17:21,891 - INFO - Closing WebDriver...
2025-04-08 15:20:01,223 - INFO - Logger initialized successfully.
2025-04-08 15:20:01,223 - INFO - Starting WebDriver...
2025-04-08 15:20:02,990 - INFO - Navigating to the catalog page.
2025-04-08 15:20:06,076 - INFO - Landed on the page: https://petstore.octoperf.com/actions/Catalog.action
2025-04-08 15:20:06,077 - INFO - Verifying Catalog page title.
2025-04-08 15:20:06,090 - INFO - Catalog page title verified: JPetStore Demo
2025-04-08 15:20:06,093 - INFO - Navigating to the catalog page.
2025-04-08 15:20:06,368 - INFO - Landed on the page: https://petstore.octoperf.com/actions/Catalog.action
2025-04-08 15:20:06,370 - INFO - Checking visibility and text of header elements on the Catalog Page.
2025-04-08 15:20:06,517 - INFO - Checking visibility of image buttons in the QuickLinks section.
2025-04-08 15:20:06,582 - INFO - Checking visibility of icon buttons and subtexts in the SideBarContent section.
2025-04-08 15:20:06,602 - INFO - Closing WebDriver...
2025-04-08 15:25:25,820 - INFO - Logger initialized successfully.
2025-04-08 15:25:25,820 - INFO - Starting WebDriver...
2025-04-08 15:25:27,408 - INFO - Navigating to the catalog page.
2025-04-08 15:25:28,747 - INFO - Landed on the page: https://petstore.octoperf.com/actions/Catalog.action
2025-04-08 15:25:28,753 - INFO - Verifying Catalog page title.
2025-04-08 15:25:28,761 - INFO - Catalog page title verified: JPetStore Demo
2025-04-08 15:25:28,762 - INFO - Navigating to the catalog page.
2025-04-08 15:25:29,038 - INFO - Landed on the page: https://petstore.octoperf.com/actions/Catalog.action
2025-04-08 15:25:29,040 - INFO - Checking visibility and text of header elements on the Catalog Page.
2025-04-08 15:25:29,196 - INFO - Checking visibility of image buttons in the QuickLinks section.
2025-04-08 15:25:29,266 - INFO - Checking visibility of icon buttons and subtexts in the SideBarContent section.
2025-04-08 15:25:29,379 - INFO - Closing WebDriver...
2025-04-08 15:33:04,736 - INFO - Logger initialized successfully.
2025-04-08 15:33:04,736 - INFO - Starting WebDriver...
2025-04-08 15:33:06,292 - INFO - Navigating to the catalog page.
2025-04-08 15:33:08,012 - INFO - Landed on the page: https://petstore.octoperf.com/actions/Catalog.action
2025-04-08 15:33:08,014 - INFO - Verifying Catalog page title.
2025-04-08 15:33:08,054 - INFO - Catalog page title verified: JPetStore Demo
2025-04-08 15:33:08,056 - INFO - Navigating to the catalog page.
2025-04-08 15:33:08,307 - INFO - Landed on the page: https://petstore.octoperf.com/actions/Catalog.action
2025-04-08 15:33:08,309 - INFO - Checking visibility and text of header elements on the Catalog Page.
2025-04-08 15:33:08,471 - INFO - Checking visibility of image buttons in the QuickLinks section.
2025-04-08 15:33:08,547 - INFO - Checking visibility of icon buttons and subtexts in the SideBarContent section.
2025-04-08 15:33:08,582 - INFO - Closing WebDriver...
2025-04-08 15:33:57,461 - INFO - Logger initialized successfully.
2025-04-08 15:33:57,461 - INFO - Starting WebDriver...
2025-04-08 15:33:58,978 - INFO - Navigating to the catalog page.
2025-04-08 15:34:00,158 - INFO - Landed on the page: https://petstore.octoperf.com/actions/Catalog.action
2025-04-08 15:34:00,161 - INFO - Verifying Catalog page title.
2025-04-08 15:34:00,168 - INFO - Catalog page title verified: JPetStore Demo
2025-04-08 15:34:00,171 - INFO - Navigating to the catalog page.
2025-04-08 15:34:00,419 - INFO - Landed on the page: https://petstore.octoperf.com/actions/Catalog.action
2025-04-08 15:34:00,424 - INFO - Checking visibility and text of header elements on the Catalog Page.
2025-04-08 15:34:00,571 - INFO - Checking visibility of image buttons in the QuickLinks section.
2025-04-08 15:34:00,637 - INFO - Checking visibility of icon buttons and subtexts in the SideBarContent section.
2025-04-08 15:34:00,672 - INFO - Closing WebDriver...
2025-04-08 15:38:48,052 - INFO - Logger initialized successfully.
2025-04-08 15:38:48,053 - INFO - Starting WebDriver...
2025-04-08 15:38:49,591 - INFO - Navigating to the catalog page.
2025-04-08 15:38:51,847 - INFO - Landed on the page: https://petstore.octoperf.com/actions/Catalog.action
2025-04-08 15:38:51,848 - INFO - Verifying Catalog page title.
2025-04-08 15:38:51,854 - INFO - Catalog page title verified: JPetStore Demo
2025-04-08 15:38:51,858 - INFO - Navigating to the catalog page.
2025-04-08 15:38:52,134 - INFO - Landed on the page: https://petstore.octoperf.com/actions/Catalog.action
2025-04-08 15:38:52,136 - INFO - Checking visibility and text of header elements on the Catalog Page.
2025-04-08 15:38:52,288 - INFO - Checking visibility of image buttons in the QuickLinks section.
2025-04-08 15:38:52,358 - INFO - Checking visibility of icon buttons and subtexts in the SideBarContent section.
2025-04-08 15:38:52,393 - INFO - Closing WebDriver...
2025-04-08 15:41:03,416 - INFO - Logger initialized successfully.
2025-04-08 15:41:03,416 - INFO - Starting WebDriver...
2025-04-08 15:41:04,931 - INFO - Navigating to the catalog page.
2025-04-08 15:41:06,763 - INFO - Landed on the page: https://petstore.octoperf.com/actions/Catalog.action
2025-04-08 15:41:06,764 - INFO - Verifying Catalog page title.
2025-04-08 15:41:06,770 - INFO - Catalog page title verified: JPetStore Demo
2025-04-08 15:41:06,772 - INFO - Navigating to the catalog page.
2025-04-08 15:41:07,051 - INFO - Landed on the page: https://petstore.octoperf.com/actions/Catalog.action
2025-04-08 15:41:07,053 - INFO - Checking visibility and text of header elements on the Catalog Page.
2025-04-08 15:41:07,209 - INFO - Checking visibility of image buttons in the QuickLinks section.
2025-04-08 15:41:07,279 - INFO - Checking visibility of icon buttons and subtexts in the SideBarContent section.
2025-04-08 15:41:07,321 - INFO - Closing WebDriver...
2025-04-08 15:43:03,656 - INFO - Logger initialized successfully.
2025-04-08 15:43:03,656 - INFO - Starting WebDriver...
2025-04-08 15:43:05,246 - INFO - Navigating to the catalog page.
2025-04-08 15:43:06,812 - INFO - Landed on the page: https://petstore.octoperf.com/actions/Catalog.action
2025-04-08 15:43:06,813 - INFO - Verifying Catalog page title.
2025-04-08 15:43:06,819 - INFO - Catalog page title verified: JPetStore Demo
2025-04-08 15:43:06,821 - INFO - Navigating to the catalog page.
2025-04-08 15:43:07,098 - INFO - Landed on the page: https://petstore.octoperf.com/actions/Catalog.action
2025-04-08 15:43:07,099 - INFO - Checking visibility and text of header elements on the Catalog Page.
2025-04-08 15:43:07,254 - INFO - Checking visibility of image buttons in the QuickLinks section.
2025-04-08 15:43:07,323 - INFO - Checking visibility of icon buttons and subtexts in the SideBarContent section.
2025-04-08 15:43:17,740 - INFO - Closing WebDriver...
2025-04-08 15:44:20,496 - INFO - Logger initialized successfully.
2025-04-08 15:44:20,496 - INFO - Starting WebDriver...
2025-04-08 15:44:22,132 - INFO - Navigating to the catalog page.
2025-04-08 15:44:23,538 - INFO - Landed on the page: https://petstore.octoperf.com/actions/Catalog.action
2025-04-08 15:44:23,539 - INFO - Verifying Catalog page title.
2025-04-08 15:44:23,566 - INFO - Catalog page title verified: JPetStore Demo
2025-04-08 15:44:23,579 - INFO - Navigating to the catalog page.
2025-04-08 15:44:23,862 - INFO - Landed on the page: https://petstore.octoperf.com/actions/Catalog.action
2025-04-08 15:44:23,867 - INFO - Checking visibility and text of header elements on the Catalog Page.
2025-04-08 15:44:24,118 - INFO - Checking visibility of image buttons in the QuickLinks section.
2025-04-08 15:44:24,334 - INFO - Checking visibility of icon buttons and subtexts in the SideBarContent section.
2025-04-08 15:44:44,736 - INFO - Closing WebDriver...
2025-04-08 15:57:09,608 - INFO - Logger initialized successfully.
2025-04-08 15:57:09,608 - INFO - Starting WebDriver...
2025-04-08 15:57:11,227 - INFO - Navigating to the catalog page.
2025-04-08 15:57:12,855 - INFO - Landed on the page: https://petstore.octoperf.com/actions/Catalog.action
2025-04-08 15:57:12,856 - INFO - Verifying Catalog page title.
2025-04-08 15:57:12,863 - INFO - Catalog page title verified: JPetStore Demo
2025-04-08 15:57:12,865 - INFO - Navigating to the catalog page.
2025-04-08 15:57:13,138 - INFO - Landed on the page: https://petstore.octoperf.com/actions/Catalog.action
2025-04-08 15:57:13,140 - INFO - Checking visibility and text of header elements on the Catalog Page.
2025-04-08 15:57:13,290 - INFO - Checking visibility of image buttons in the QuickLinks section.
2025-04-08 15:57:13,354 - INFO - Checking visibility of icon buttons and subtexts in the SideBarContent section.
2025-04-08 15:57:13,537 - INFO - Closing WebDriver...
